<?xml version="1.0" encoding="UTF-8"?>
<testsuite xmlns:xsi="http://www.w3.org/2001/XMLSchema-instance" xsi:noNamespaceSchemaLocation="https://maven.apache.org/surefire/maven-surefire-plugin/xsd/surefire-test-report-3.0.xsd" version="3.0" name="br.edu.umfg.aula09102023.Aula09102023ApplicationTests" time="5.178" tests="1" errors="0" skipped="0" failures="0">
  <properties>
[...]
</properties>
  <testcase name="contextLoads" classname="br.edu.umfg.aula09102023.Aula09102023ApplicationTests" time="1.459">
    <system-out><![CDATA[19:59:50.196 [main] INFO org.springframework.test.context.support.AnnotationConfigContextLoaderUtils -- Could not detect default configuration classes for test class [br.edu.umfg.aula09102023.Aula09102023ApplicationTests]: Aula09102023ApplicationTests does not declare any static, non-private, non-final, nested classes annotated with @Configuration.
19:59:50.464 [main] INFO org.springframework.boot.test.context.SpringBootTestContextBootstrapper -- Found @SpringBootConfiguration br.edu.umfg.aula09102023.Aula09102023Application for test class br.edu.umfg.aula09102023.Aula09102023ApplicationTests

  .   ____          _            __ _ _
 /\\ / ___'_ __ _ _(_)_ __  __ _ \ \ \ \
( ( )\___ | '_ | '_| | '_ \/ _` | \ \ \ \
 \\/  ___)| |_)| | | | | || (_| |  ) ) ) )
  '  |____| .__|_| |_|_| |_\__, | / / / /
 =========|_|==============|___/=/_/_/_/
 :: Spring Boot ::                (v3.1.4)

2023-10-16T19:59:51.245-03:00  INFO 6860 --- [           main] b.e.u.a.Aula09102023ApplicationTests     : Starting Aula09102023ApplicationTests using Java 17.0.8 with PID 6860 (started by Ramandelli in C:\Users\Ramandelli\Downloads\aula-09-10--2023\aula-09-10--2023)
2023-10-16T19:59:51.248-03:00  INFO 6860 --- [           main] b.e.u.a.Aula09102023ApplicationTests     : No active profile set, falling back to 1 default profile: "default"
2023-10-16T19:59:53.450-03:00  INFO 6860 --- [           main] b.e.u.a.Aula09102023ApplicationTests     : Started Aula09102023ApplicationTests in 2.653 seconds (process running for 4.796)
]]></system-out>
  </testcase>
</testsuite>